Traceback (most recent call last):
  File "/mnt/data/magbb/.virtualenvs/dhlab/lib/python3.12/site-packages/jupyter_core/utils/__init__.py", line 154, in wrapped
    asyncio.get_running_loop()
RuntimeError: no running event loop

During handling of the above exception, another exception occurred:

Traceback (most recent call last):
  File "/mnt/data/magbb/.virtualenvs/dhlab/lib/python3.12/site-packages/jupyter_cache/executors/utils.py", line 58, in single_nb_execution
    executenb(
  File "/mnt/data/magbb/.virtualenvs/dhlab/lib/python3.12/site-packages/nbclient/client.py", line 1319, in execute
    return NotebookClient(nb=nb, resources=resources, km=km, **kwargs).execute()
           ^^^^^^^^^^^^^^^^^^^^^^^^^^^^^^^^^^^^^^^^^^^^^^^^^^^^^^^^^^^^^^^^^^^^^
  File "/mnt/data/magbb/.virtualenvs/dhlab/lib/python3.12/site-packages/jupyter_core/utils/__init__.py", line 158, in wrapped
    return loop.run_until_complete(inner)
           ^^^^^^^^^^^^^^^^^^^^^^^^^^^^^^
  File "/usr/lib/python3.12/asyncio/base_events.py", line 687, in run_until_complete
    return future.result()
           ^^^^^^^^^^^^^^^
  File "/mnt/data/magbb/.virtualenvs/dhlab/lib/python3.12/site-packages/nbclient/client.py", line 709, in async_execute
    await self.async_execute_cell(
  File "/mnt/data/magbb/.virtualenvs/dhlab/lib/python3.12/site-packages/nbclient/client.py", line 1062, in async_execute_cell
    await self._check_raise_for_error(cell, cell_index, exec_reply)
  File "/mnt/data/magbb/.virtualenvs/dhlab/lib/python3.12/site-packages/nbclient/client.py", line 918, in _check_raise_for_error
    raise CellExecutionError.from_cell_and_msg(cell, exec_reply_content)
nbclient.exceptions.CellExecutionError: An error occurred while executing the following cell:
------------------
# Vi utfører en konkordans for å sjekke at korpuset virker.
# dh.Concordance(corpus=korpus, query="sei").show()
korpus.conc("sei").show()
------------------


[0;31m---------------------------------------------------------------------------[0m
[0;31mDHLabApiError[0m                             Traceback (most recent call last)
Cell [0;32mIn[5], line 3[0m
[1;32m      1[0m [38;5;66;03m# Vi utfører en konkordans for å sjekke at korpuset virker.[39;00m
[1;32m      2[0m [38;5;66;03m# dh.Concordance(corpus=korpus, query="sei").show()[39;00m
[0;32m----> 3[0m [43mkorpus[49m[38;5;241;43m.[39;49m[43mconc[49m[43m([49m[38;5;124;43m"[39;49m[38;5;124;43msei[39;49m[38;5;124;43m"[39;49m[43m)[49m[38;5;241m.[39mshow()

File [0;32m/mnt/data/magbb/.virtualenvs/dhlab/lib/python3.12/site-packages/dhlab/text/corpus.py:259[0m, in [0;36mCorpus.conc[0;34m(self, words, window, limit)[0m
[1;32m    257[0m [38;5;28;01mdef[39;00m[38;5;250m [39m[38;5;21mconc[39m([38;5;28mself[39m, words: [38;5;28mstr[39m [38;5;241m|[39m [38;5;28;01mNone[39;00m, window: [38;5;28mint[39m [38;5;241m=[39m [38;5;241m20[39m, limit: [38;5;28mint[39m [38;5;241m=[39m [38;5;241m500[39m) [38;5;241m-[39m[38;5;241m>[39m dh[38;5;241m.[39mConcordance:
[1;32m    258[0m [38;5;250m    [39m[38;5;124;03m"""Get concodances of `words` in corpus"""[39;00m
[0;32m--> 259[0m     [38;5;28;01mreturn[39;00m [43mdh[49m[38;5;241;43m.[39;49m[43mConcordance[49m[43m([49m
[1;32m    260[0m [43m        [49m[43mcorpus[49m[38;5;241;43m=[39;49m[38;5;28;43mself[39;49m[38;5;241;43m.[39;49m[43mframe[49m[43m,[49m[43m [49m[43mquery[49m[38;5;241;43m=[39;49m[43mwords[49m[43m,[49m[43m [49m[43mwindow[49m[38;5;241;43m=[39;49m[43mwindow[49m[43m,[49m[43m [49m[43mlimit[49m[38;5;241;43m=[39;49m[43mlimit[49m
[1;32m    261[0m [43m    [49m[43m)[49m

File [0;32m/mnt/data/magbb/.virtualenvs/dhlab/lib/python3.12/site-packages/dhlab/text/conc_coll.py:51[0m, in [0;36mConcordance.__init__[0;34m(self, corpus, query, window, limit)[0m
[1;32m     49[0m     [38;5;28mself[39m[38;5;241m.[39mcorpus [38;5;241m=[39m [38;5;28;01mNone[39;00m
[1;32m     50[0m [38;5;28;01melse[39;00m:
[0;32m---> 51[0m     [38;5;28mself[39m[38;5;241m.[39mconcordance [38;5;241m=[39m [43mconcordance[49m[43m([49m
[1;32m     52[0m [43m        [49m[43murns[49m[38;5;241;43m=[39;49m[43murnlist[49m[43m([49m[43mcorpus[49m[43m)[49m[43m,[49m[43m [49m[43mwords[49m[38;5;241;43m=[39;49m[43mquery[49m[43m,[49m[43m [49m[43mwindow[49m[38;5;241;43m=[39;49m[43mwindow[49m[43m,[49m[43m [49m[43mlimit[49m[38;5;241;43m=[39;49m[43mlimit[49m
[1;32m     53[0m [43m    [49m[43m)[49m
[1;32m     54[0m     [38;5;28mself[39m[38;5;241m.[39mconcordance[[38;5;124m"[39m[38;5;124mlink[39m[38;5;124m"[39m] [38;5;241m=[39m [38;5;28mself[39m[38;5;241m.[39mconcordance[38;5;241m.[39murn[38;5;241m.[39mapply(make_link)
[1;32m     55[0m     [38;5;28mself[39m[38;5;241m.[39mconcordance [38;5;241m=[39m [38;5;28mself[39m[38;5;241m.[39mconcordance[[[38;5;124m"[39m[38;5;124mlink[39m[38;5;124m"[39m, [38;5;124m"[39m[38;5;124murn[39m[38;5;124m"[39m, [38;5;124m"[39m[38;5;124mconc[39m[38;5;124m"[39m]]

File [0;32m/mnt/data/magbb/.virtualenvs/dhlab/lib/python3.12/site-packages/dhlab/api/dhlab_api.py:781[0m, in [0;36mconcordance[0;34m(urns, words, window, limit)[0m
[1;32m    779[0m [38;5;28;01melse[39;00m:
[1;32m    780[0m     params [38;5;241m=[39m {[38;5;124m"[39m[38;5;124murns[39m[38;5;124m"[39m: urns, [38;5;124m"[39m[38;5;124mquery[39m[38;5;124m"[39m: words, [38;5;124m"[39m[38;5;124mwindow[39m[38;5;124m"[39m: window, [38;5;124m"[39m[38;5;124mlimit[39m[38;5;124m"[39m: limit}
[0;32m--> 781[0m     r [38;5;241m=[39m [43mapi_post[49m[43m([49m[43mBASE_URL[49m[43m [49m[38;5;241;43m+[39;49m[43m [49m[38;5;124;43m"[39;49m[38;5;124;43m/conc[39;49m[38;5;124;43m"[39;49m[43m,[49m[43m [49m[43mjson[49m[38;5;241;43m=[39;49m[43mparams[49m[43m)[49m
[1;32m    782[0m [38;5;28;01mreturn[39;00m pd[38;5;241m.[39mDataFrame(r[38;5;241m.[39mjson())

File [0;32m/mnt/data/magbb/.virtualenvs/dhlab/lib/python3.12/site-packages/dhlab/api/utils.py:35[0m, in [0;36mapi_post[0;34m(url, json, session)[0m
[1;32m     34[0m [38;5;28;01mdef[39;00m[38;5;250m [39m[38;5;21mapi_post[39m(url: [38;5;28mstr[39m, json: [38;5;28mdict[39m [38;5;241m|[39m [38;5;28;01mNone[39;00m [38;5;241m=[39m [38;5;28;01mNone[39;00m, session: requests[38;5;241m.[39mSession [38;5;241m|[39m [38;5;28;01mNone[39;00m [38;5;241m=[39m [38;5;28;01mNone[39;00m):
[0;32m---> 35[0m     [38;5;28;01mreturn[39;00m [43mapi_request[49m[43m([49m[38;5;124;43m"[39;49m[38;5;124;43mPOST[39;49m[38;5;124;43m"[39;49m[43m,[49m[43m [49m[43murl[49m[43m,[49m[43m [49m[43mjson[49m[38;5;241;43m=[39;49m[43mjson[49m[43m,[49m[43m [49m[43msession[49m[38;5;241;43m=[39;49m[43msession[49m[43m)[49m

File [0;32m/mnt/data/magbb/.virtualenvs/dhlab/lib/python3.12/site-packages/dhlab/api/utils.py:27[0m, in [0;36mapi_request[0;34m(method, url, params, json, session)[0m
[1;32m     24[0m     session [38;5;241m=[39m requests[38;5;241m.[39mSession()
[1;32m     26[0m res [38;5;241m=[39m session[38;5;241m.[39mrequest(method, url, params[38;5;241m=[39mparams, json[38;5;241m=[39mjson)
[0;32m---> 27[0m [43mvalidate_response_status[49m[43m([49m[43mres[49m[43m)[49m
[1;32m     29[0m [38;5;28;01mreturn[39;00m res

File [0;32m/mnt/data/magbb/.virtualenvs/dhlab/lib/python3.12/site-packages/dhlab/api/utils.py:8[0m, in [0;36mvalidate_response_status[0;34m(response)[0m
[1;32m      6[0m [38;5;28;01mdef[39;00m[38;5;250m [39m[38;5;21mvalidate_response_status[39m(response: requests[38;5;241m.[39mResponse) [38;5;241m-[39m[38;5;241m>[39m [38;5;28;01mNone[39;00m:
[1;32m      7[0m     [38;5;28;01mif[39;00m response[38;5;241m.[39mstatus_code [38;5;241m!=[39m [38;5;241m200[39m:
[0;32m----> 8[0m         [38;5;28;01mraise[39;00m DHLabApiError(
[1;32m      9[0m             [38;5;124mf[39m[38;5;124m"[39m[38;5;124mStatus code: [39m[38;5;132;01m{[39;00mresponse[38;5;241m.[39mstatus_code[38;5;132;01m}[39;00m[38;5;124m: [39m[38;5;132;01m{[39;00mresponse[38;5;241m.[39mreason[38;5;132;01m}[39;00m[38;5;130;01m\n[39;00m[38;5;130;01m\n[39;00m[38;5;124m"[39m
[1;32m     10[0m             [38;5;241m+[39m [38;5;124m"[39m[38;5;124mThere is an error connecting to the DHLab API. This is most likely not an error in your code,[39m[38;5;124m"[39m
[1;32m     11[0m             [38;5;241m+[39m [38;5;124m"[39m[38;5;124m but with the DHLab library or API. Try running the code again, and if that doesn[39m[38;5;124m'[39m[38;5;124mt work, try to[39m[38;5;124m"[39m
[1;32m     12[0m             [38;5;241m+[39m [38;5;124m"[39m[38;5;124m reinstall/update the dhlab package (e.g. by running: [39m[38;5;124m'[39m[38;5;124mpip install --upgrade dhlab[39m[38;5;124m'[39m[38;5;124m).[39m[38;5;130;01m\n[39;00m[38;5;124mIf the error[39m[38;5;124m"[39m
[1;32m     13[0m             [38;5;241m+[39m [38;5;124m"[39m[38;5;124m persists, then please leave an issue at https://github.com/NationalLibraryOfNorway/DHLAB/issues/.[39m[38;5;124m"[39m
[1;32m     14[0m         )

[0;31mDHLabApiError[0m: Status code: 500: INTERNAL SERVER ERROR

There is an error connecting to the DHLab API. This is most likely not an error in your code, but with the DHLab library or API. Try running the code again, and if that doesn't work, try to reinstall/update the dhlab package (e.g. by running: 'pip install --upgrade dhlab').
If the error persists, then please leave an issue at https://github.com/NationalLibraryOfNorway/DHLAB/issues/.

