Traceback (most recent call last):
  File "/home/larsm/.cache/pypoetry/virtualenvs/digital-tekstanalyse-kDjkoATB-py3.10/lib/python3.10/site-packages/jupyter_cache/executors/utils.py", line 58, in single_nb_execution
    executenb(
  File "/home/larsm/.cache/pypoetry/virtualenvs/digital-tekstanalyse-kDjkoATB-py3.10/lib/python3.10/site-packages/nbclient/client.py", line 1314, in execute
    return NotebookClient(nb=nb, resources=resources, km=km, **kwargs).execute()
  File "/home/larsm/.cache/pypoetry/virtualenvs/digital-tekstanalyse-kDjkoATB-py3.10/lib/python3.10/site-packages/jupyter_core/utils/__init__.py", line 165, in wrapped
    return loop.run_until_complete(inner)
  File "/home/larsm/mambaforge/lib/python3.10/asyncio/base_events.py", line 649, in run_until_complete
    return future.result()
  File "/home/larsm/.cache/pypoetry/virtualenvs/digital-tekstanalyse-kDjkoATB-py3.10/lib/python3.10/site-packages/nbclient/client.py", line 709, in async_execute
    await self.async_execute_cell(
  File "/home/larsm/.cache/pypoetry/virtualenvs/digital-tekstanalyse-kDjkoATB-py3.10/lib/python3.10/site-packages/nbclient/client.py", line 1062, in async_execute_cell
    await self._check_raise_for_error(cell, cell_index, exec_reply)
  File "/home/larsm/.cache/pypoetry/virtualenvs/digital-tekstanalyse-kDjkoATB-py3.10/lib/python3.10/site-packages/nbclient/client.py", line 918, in _check_raise_for_error
    raise CellExecutionError.from_cell_and_msg(cell, exec_reply_content)
nbclient.exceptions.CellExecutionError: An error occurred while executing the following cell:
------------------
import dhlab as dh
from dhlab import Ngram, NgramBook, NgramNews
from dhlab.ngram.nb_ngram import nb_ngram
from dhlab.api.nb_ngram_api import make_word_graph
from dhlab import graph_networkx_louvain as gnl
------------------


[0;31m---------------------------------------------------------------------------[0m
[0;31mModuleNotFoundError[0m                       Traceback (most recent call last)
Cell [0;32mIn[1], line 1[0m
[0;32m----> 1[0m [38;5;28;01mimport[39;00m [38;5;21;01mdhlab[39;00m [38;5;28;01mas[39;00m [38;5;21;01mdh[39;00m
[1;32m      2[0m [38;5;28;01mfrom[39;00m [38;5;21;01mdhlab[39;00m [38;5;28;01mimport[39;00m Ngram, NgramBook, NgramNews
[1;32m      3[0m [38;5;28;01mfrom[39;00m [38;5;21;01mdhlab[39;00m[38;5;21;01m.[39;00m[38;5;21;01mngram[39;00m[38;5;21;01m.[39;00m[38;5;21;01mnb_ngram[39;00m [38;5;28;01mimport[39;00m nb_ngram

[0;31mModuleNotFoundError[0m: No module named 'dhlab'

