Traceback (most recent call last):
  File "/mnt/data/magbb/.virtualenvs/dhlab/lib/python3.12/site-packages/jupyter_core/utils/__init__.py", line 154, in wrapped
    asyncio.get_running_loop()
RuntimeError: no running event loop

During handling of the above exception, another exception occurred:

Traceback (most recent call last):
  File "/mnt/data/magbb/.virtualenvs/dhlab/lib/python3.12/site-packages/jupyter_cache/executors/utils.py", line 58, in single_nb_execution
    executenb(
  File "/mnt/data/magbb/.virtualenvs/dhlab/lib/python3.12/site-packages/nbclient/client.py", line 1319, in execute
    return NotebookClient(nb=nb, resources=resources, km=km, **kwargs).execute()
           ^^^^^^^^^^^^^^^^^^^^^^^^^^^^^^^^^^^^^^^^^^^^^^^^^^^^^^^^^^^^^^^^^^^^^
  File "/mnt/data/magbb/.virtualenvs/dhlab/lib/python3.12/site-packages/jupyter_core/utils/__init__.py", line 158, in wrapped
    return loop.run_until_complete(inner)
           ^^^^^^^^^^^^^^^^^^^^^^^^^^^^^^
  File "/usr/lib/python3.12/asyncio/base_events.py", line 687, in run_until_complete
    return future.result()
           ^^^^^^^^^^^^^^^
  File "/mnt/data/magbb/.virtualenvs/dhlab/lib/python3.12/site-packages/nbclient/client.py", line 709, in async_execute
    await self.async_execute_cell(
  File "/mnt/data/magbb/.virtualenvs/dhlab/lib/python3.12/site-packages/nbclient/client.py", line 1062, in async_execute_cell
    await self._check_raise_for_error(cell, cell_index, exec_reply)
  File "/mnt/data/magbb/.virtualenvs/dhlab/lib/python3.12/site-packages/nbclient/client.py", line 918, in _check_raise_for_error
    raise CellExecutionError.from_cell_and_msg(cell, exec_reply_content)
nbclient.exceptions.CellExecutionError: An error occurred while executing the following cell:
------------------
# tar de fem første og henter frekvensene for alle bøkene

bøker_dtm = Counts(bøker.head(5))
------------------


[0;31m---------------------------------------------------------------------------[0m
[0;31mDHLabApiError[0m                             Traceback (most recent call last)
Cell [0;32mIn[4], line 3[0m
[1;32m      1[0m [38;5;66;03m# tar de fem første og henter frekvensene for alle bøkene[39;00m
[0;32m----> 3[0m bøker_dtm [38;5;241m=[39m [43mCounts[49m[43m([49m[43mbøker[49m[38;5;241;43m.[39;49m[43mhead[49m[43m([49m[38;5;241;43m5[39;49m[43m)[49m[43m)[49m

File [0;32m/mnt/data/magbb/.virtualenvs/dhlab/lib/python3.12/site-packages/dhlab/text/conc_coll.py:204[0m, in [0;36mCounts.__init__[0;34m(self, corpus, words, cutoff, sparse)[0m
[1;32m    192[0m     [38;5;28mself[39m[38;5;241m.[39mtitle_dct [38;5;241m=[39m [38;5;28;01mNone[39;00m
[1;32m    193[0m [38;5;28;01melif[39;00m corpus [38;5;129;01mis[39;00m [38;5;129;01mnot[39;00m [38;5;28;01mNone[39;00m:
[1;32m    194[0m     [38;5;66;03m# Make sure corpus is a dhlab corpus[39;00m
[1;32m    195[0m     [38;5;66;03m# if not, try to make it one[39;00m
[0;32m   (...)[0m
[1;32m    202[0m     [38;5;66;03m# count - if words is none result will be as if counting all words[39;00m
[1;32m    203[0m     [38;5;66;03m# in the corpus[39;00m
[0;32m--> 204[0m     [38;5;28mself[39m[38;5;241m.[39mfreq [38;5;241m=[39m [43mget_document_frequencies[49m[43m([49m
[1;32m    205[0m [43m        [49m[43murns[49m[38;5;241;43m=[39;49m[43murnlist[49m[43m([49m[43mcorpus[49m[43m)[49m[43m,[49m[43m [49m[43mcutoff[49m[38;5;241;43m=[39;49m[43mcutoff[49m[43m,[49m[43m [49m[43mwords[49m[38;5;241;43m=[39;49m[43mwords[49m[43m,[49m[43m [49m[43msparse[49m[38;5;241;43m=[39;49m[43msparse[49m
[1;32m    206[0m [43m    [49m[43m)[49m
[1;32m    208[0m     [38;5;66;03m# Include dhlab and title link in object[39;00m
[1;32m    209[0m     [38;5;28;01mtry[39;00m:

File [0;32m/mnt/data/magbb/.virtualenvs/dhlab/lib/python3.12/site-packages/dhlab/api/dhlab_api.py:569[0m, in [0;36mget_document_frequencies[0;34m(urns, cutoff, words, sparse)[0m
[1;32m    556[0m [38;5;250m[39m[38;5;124;03m"""Fetch frequency counts of ``words`` in documents (``urns``).[39;00m
[1;32m    557[0m 
[1;32m    558[0m [38;5;124;03mCall the API :py:obj:`~dhlab.constants.BASE_URL` endpoint[39;00m
[0;32m   (...)[0m
[1;32m    565[0m [38;5;124;03m:param bool sparse: create a sparse matrix for memory efficiency[39;00m
[1;32m    566[0m [38;5;124;03m"""[39;00m
[1;32m    567[0m params [38;5;241m=[39m {[38;5;124m"[39m[38;5;124murns[39m[38;5;124m"[39m: urns, [38;5;124m"[39m[38;5;124mcutoff[39m[38;5;124m"[39m: cutoff, [38;5;124m"[39m[38;5;124mwords[39m[38;5;124m"[39m: words}
[0;32m--> 569[0m r [38;5;241m=[39m [43mapi_post[49m[43m([49m[38;5;124;43mf[39;49m[38;5;124;43m"[39;49m[38;5;132;43;01m{[39;49;00m[43mBASE_URL[49m[38;5;132;43;01m}[39;49;00m[38;5;124;43m/frequencies[39;49m[38;5;124;43m"[39;49m[43m,[49m[43m [49m[43mjson[49m[38;5;241;43m=[39;49m[43mparams[49m[43m)[49m
[1;32m    570[0m result [38;5;241m=[39m r[38;5;241m.[39mjson()
[1;32m    572[0m [38;5;66;03m# check if words are passed - return differs a bit[39;00m

File [0;32m/mnt/data/magbb/.virtualenvs/dhlab/lib/python3.12/site-packages/dhlab/api/utils.py:35[0m, in [0;36mapi_post[0;34m(url, json, session)[0m
[1;32m     34[0m [38;5;28;01mdef[39;00m[38;5;250m [39m[38;5;21mapi_post[39m(url: [38;5;28mstr[39m, json: [38;5;28mdict[39m [38;5;241m|[39m [38;5;28;01mNone[39;00m [38;5;241m=[39m [38;5;28;01mNone[39;00m, session: requests[38;5;241m.[39mSession [38;5;241m|[39m [38;5;28;01mNone[39;00m [38;5;241m=[39m [38;5;28;01mNone[39;00m):
[0;32m---> 35[0m     [38;5;28;01mreturn[39;00m [43mapi_request[49m[43m([49m[38;5;124;43m"[39;49m[38;5;124;43mPOST[39;49m[38;5;124;43m"[39;49m[43m,[49m[43m [49m[43murl[49m[43m,[49m[43m [49m[43mjson[49m[38;5;241;43m=[39;49m[43mjson[49m[43m,[49m[43m [49m[43msession[49m[38;5;241;43m=[39;49m[43msession[49m[43m)[49m

File [0;32m/mnt/data/magbb/.virtualenvs/dhlab/lib/python3.12/site-packages/dhlab/api/utils.py:27[0m, in [0;36mapi_request[0;34m(method, url, params, json, session)[0m
[1;32m     24[0m     session [38;5;241m=[39m requests[38;5;241m.[39mSession()
[1;32m     26[0m res [38;5;241m=[39m session[38;5;241m.[39mrequest(method, url, params[38;5;241m=[39mparams, json[38;5;241m=[39mjson)
[0;32m---> 27[0m [43mvalidate_response_status[49m[43m([49m[43mres[49m[43m)[49m
[1;32m     29[0m [38;5;28;01mreturn[39;00m res

File [0;32m/mnt/data/magbb/.virtualenvs/dhlab/lib/python3.12/site-packages/dhlab/api/utils.py:8[0m, in [0;36mvalidate_response_status[0;34m(response)[0m
[1;32m      6[0m [38;5;28;01mdef[39;00m[38;5;250m [39m[38;5;21mvalidate_response_status[39m(response: requests[38;5;241m.[39mResponse) [38;5;241m-[39m[38;5;241m>[39m [38;5;28;01mNone[39;00m:
[1;32m      7[0m     [38;5;28;01mif[39;00m response[38;5;241m.[39mstatus_code [38;5;241m!=[39m [38;5;241m200[39m:
[0;32m----> 8[0m         [38;5;28;01mraise[39;00m DHLabApiError(
[1;32m      9[0m             [38;5;124mf[39m[38;5;124m"[39m[38;5;124mStatus code: [39m[38;5;132;01m{[39;00mresponse[38;5;241m.[39mstatus_code[38;5;132;01m}[39;00m[38;5;124m: [39m[38;5;132;01m{[39;00mresponse[38;5;241m.[39mreason[38;5;132;01m}[39;00m[38;5;130;01m\n[39;00m[38;5;130;01m\n[39;00m[38;5;124m"[39m
[1;32m     10[0m             [38;5;241m+[39m [38;5;124m"[39m[38;5;124mThere is an error connecting to the DHLab API. This is most likely not an error in your code,[39m[38;5;124m"[39m
[1;32m     11[0m             [38;5;241m+[39m [38;5;124m"[39m[38;5;124m but with the DHLab library or API. Try running the code again, and if that doesn[39m[38;5;124m'[39m[38;5;124mt work, try to[39m[38;5;124m"[39m
[1;32m     12[0m             [38;5;241m+[39m [38;5;124m"[39m[38;5;124m reinstall/update the dhlab package (e.g. by running: [39m[38;5;124m'[39m[38;5;124mpip install --upgrade dhlab[39m[38;5;124m'[39m[38;5;124m).[39m[38;5;130;01m\n[39;00m[38;5;124mIf the error[39m[38;5;124m"[39m
[1;32m     13[0m             [38;5;241m+[39m [38;5;124m"[39m[38;5;124m persists, then please leave an issue at https://github.com/NationalLibraryOfNorway/DHLAB/issues/.[39m[38;5;124m"[39m
[1;32m     14[0m         )

[0;31mDHLabApiError[0m: Status code: 500: INTERNAL SERVER ERROR

There is an error connecting to the DHLab API. This is most likely not an error in your code, but with the DHLab library or API. Try running the code again, and if that doesn't work, try to reinstall/update the dhlab package (e.g. by running: 'pip install --upgrade dhlab').
If the error persists, then please leave an issue at https://github.com/NationalLibraryOfNorway/DHLAB/issues/.

