Traceback (most recent call last):
  File "/home/tita/koding/dhlab_stuff/digital_tekstanalyse/.venv/lib/python3.13/site-packages/jupyter_cache/executors/utils.py", line 58, in single_nb_execution
    executenb(
    ~~~~~~~~~^
        nb,
        ^^^
    ...<4 lines>...
        **kwargs,
        ^^^^^^^^^
    )
    ^
  File "/home/tita/koding/dhlab_stuff/digital_tekstanalyse/.venv/lib/python3.13/site-packages/nbclient/client.py", line 1323, in execute
    return NotebookClient(nb=nb, resources=resources, km=km, **kwargs).execute()
           ~~~~~~~~~~~~~~~~~~~~~~~~~~~~~~~~~~~~~~~~~~~~~~~~~~~~~~~~~~~~~~~~~~~^^
  File "/home/tita/koding/dhlab_stuff/digital_tekstanalyse/.venv/lib/python3.13/site-packages/jupyter_core/utils/__init__.py", line 165, in wrapped
    return loop.run_until_complete(inner)
           ~~~~~~~~~~~~~~~~~~~~~~~^^^^^^^
  File "/home/tita/.local/share/uv/python/cpython-3.13.3-linux-x86_64-gnu/lib/python3.13/asyncio/base_events.py", line 719, in run_until_complete
    return future.result()
           ~~~~~~~~~~~~~^^
  File "/home/tita/koding/dhlab_stuff/digital_tekstanalyse/.venv/lib/python3.13/site-packages/nbclient/client.py", line 709, in async_execute
    await self.async_execute_cell(
        cell, index, execution_count=self.code_cells_executed + 1
    )
  File "/home/tita/koding/dhlab_stuff/digital_tekstanalyse/.venv/lib/python3.13/site-packages/nbclient/client.py", line 1062, in async_execute_cell
    await self._check_raise_for_error(cell, cell_index, exec_reply)
  File "/home/tita/koding/dhlab_stuff/digital_tekstanalyse/.venv/lib/python3.13/site-packages/nbclient/client.py", line 918, in _check_raise_for_error
    raise CellExecutionError.from_cell_and_msg(cell, exec_reply_content)
nbclient.exceptions.CellExecutionError: An error occurred while executing the following cell:
------------------
#!pip install -U dhlab
import os 
import datetime as dt
import pandas as pd

import dhlab as dh
from digital_tekstanalyse.sentiment import load_corpus_from_file, compute_sentiment_analysis, add_urls
------------------


[0;31m---------------------------------------------------------------------------[0m
[0;31mModuleNotFoundError[0m                       Traceback (most recent call last)
Cell [0;32mIn[1], line 7[0m
[1;32m      4[0m [38;5;28;01mimport[39;00m[38;5;250m [39m[38;5;21;01mpandas[39;00m[38;5;250m [39m[38;5;28;01mas[39;00m[38;5;250m [39m[38;5;21;01mpd[39;00m
[1;32m      6[0m [38;5;28;01mimport[39;00m[38;5;250m [39m[38;5;21;01mdhlab[39;00m[38;5;250m [39m[38;5;28;01mas[39;00m[38;5;250m [39m[38;5;21;01mdh[39;00m
[0;32m----> 7[0m [38;5;28;01mfrom[39;00m[38;5;250m [39m[38;5;21;01mdigital_tekstanalyse[39;00m[38;5;21;01m.[39;00m[38;5;21;01msentiment[39;00m[38;5;250m [39m[38;5;28;01mimport[39;00m load_corpus_from_file, compute_sentiment_analysis, add_urls

File [0;32m~/koding/dhlab_stuff/digital_tekstanalyse/digital_tekstanalyse/sentiment.py:13[0m
[1;32m     11[0m [38;5;28;01mfrom[39;00m[38;5;250m [39m[38;5;21;01mdhlab[39;00m[38;5;21;01m.[39;00m[38;5;21;01mapi[39;00m[38;5;21;01m.[39;00m[38;5;21;01mdhlab_api[39;00m[38;5;250m [39m[38;5;28;01mimport[39;00m concordance, get_chunks_para
[1;32m     12[0m [38;5;28;01mfrom[39;00m[38;5;250m [39m[38;5;21;01mdhlab[39;00m[38;5;21;01m.[39;00m[38;5;21;01mconstants[39;00m[38;5;250m [39m[38;5;28;01mimport[39;00m BASE_URL
[0;32m---> 13[0m [38;5;28;01mfrom[39;00m[38;5;250m [39m[38;5;21;01mdhlab[39;00m[38;5;21;01m.[39;00m[38;5;21;01mnbtokenizer[39;00m[38;5;250m [39m[38;5;28;01mimport[39;00m tokenize
[1;32m     16[0m [38;5;66;03m# File handling util functions[39;00m
[1;32m     17[0m [38;5;28;01mdef[39;00m[38;5;250m [39m[38;5;21mload_corpus_from_file[39m(file_path):

[0;31mModuleNotFoundError[0m: No module named 'dhlab.nbtokenizer'

